<?xml version="1.0" encoding="UTF-8"?>
<testsuite xmlns:xsi="http://www.w3.org/2001/XMLSchema-instance" xsi:noNamespaceSchemaLocation="https://maven.apache.org/surefire/maven-surefire-plugin/xsd/surefire-test-report-3.0.xsd" version="3.0" name="catalog.CourseTilesTest" time="130.354" tests="2" errors="0" skipped="0" failures="0">
  <properties>
[...]
</properties>
  <testcase name="lessonsTileNumbers" classname="catalog.CourseTilesTest" time="5.569">
    <system-out><![CDATA[[14:37:32.620] | INFO  | main                             | CourseTilesTest                  | Создание нового экземпляра Webdriver
[14:37:35.236] | INFO  | main                             | CourseTilesTest                  | Инициализация объекта CatalogPage с использованием драйвера
[14:37:37.473] | INFO  | main                             | CourseTilesTest                  | Проверка количества курсов в разделе Тестирование
[14:37:37.540] | INFO  | main                             | CourseTilesTest                  | PASSED
[14:37:37.546] | INFO  | main                             | CourseTilesTest                  | Закрываем соединение
]]></system-out>
    <system-err><![CDATA[SLF4J(W): No SLF4J providers were found.
SLF4J(W): Defaulting to no-operation (NOP) logger implementation
SLF4J(W): See https://www.slf4j.org/codes.html#noProviders for further details.
]]></system-err>
  </testcase>
  <testcase name="checkDataOnLessonPage" classname="catalog.CourseTilesTest" time="123.621">
    <system-out><![CDATA[[14:37:38.177] | INFO  | main                             | CourseTilesTest                  | Создание нового экземпляра Webdriver
[14:37:40.673] | INFO  | main                             | CourseTilesTest                  | Инициализация объекта CatalogPage с использованием драйвера
[14:37:46.993] | INFO  | main                             | CourseTilesTest                  | Проверка и просмотр карточки курса, используя JSOUP
[14:38:02.407] | INFO  | main                             | CourseTilesTest                  | PASSED
[14:38:02.471] | INFO  | main                             | CourseTilesTest                  | Проверка и просмотр карточки курса, используя JSOUP
[14:38:12.496] | INFO  | main                             | CourseTilesTest                  | PASSED
[14:38:12.602] | INFO  | main                             | CourseTilesTest                  | Проверка и просмотр карточки курса, используя JSOUP
[14:38:25.433] | INFO  | main                             | CourseTilesTest                  | PASSED
[14:38:25.509] | INFO  | main                             | CourseTilesTest                  | Проверка и просмотр карточки курса, используя JSOUP
[14:38:37.585] | INFO  | main                             | CourseTilesTest                  | PASSED
[14:38:37.648] | INFO  | main                             | CourseTilesTest                  | Проверка и просмотр карточки курса, используя JSOUP
[14:38:46.258] | INFO  | main                             | CourseTilesTest                  | PASSED
[14:38:46.448] | INFO  | main                             | CourseTilesTest                  | Проверка и просмотр карточки курса, используя JSOUP
[14:39:00.479] | INFO  | main                             | CourseTilesTest                  | PASSED
[14:39:00.613] | INFO  | main                             | CourseTilesTest                  | Проверка и просмотр карточки курса, используя JSOUP
[14:39:13.585] | INFO  | main                             | CourseTilesTest                  | PASSED
[14:39:13.656] | INFO  | main                             | CourseTilesTest                  | Проверка и просмотр карточки курса, используя JSOUP
[14:39:29.039] | INFO  | main                             | CourseTilesTest                  | PASSED
[14:39:29.113] | INFO  | main                             | CourseTilesTest                  | Проверка и просмотр карточки курса, используя JSOUP
[14:39:41.139] | INFO  | main                             | CourseTilesTest                  | PASSED
[14:39:41.150] | INFO  | main                             | CourseTilesTest                  | Закрываем соединение
]]></system-out>
    <system-err><![CDATA[авг. 28, 2024 2:39:41 PM org.openqa.selenium.remote.http.WebSocket$Listener onError
WARNING: Connection reset
java.net.SocketException: Connection reset
	at java.base/sun.nio.ch.SocketChannelImpl.throwConnectionReset(SocketChannelImpl.java:394)
	at java.base/sun.nio.ch.SocketChannelImpl.read(SocketChannelImpl.java:426)
	at java.net.http/jdk.internal.net.http.SocketTube.readAvailable(SocketTube.java:1170)
	at java.net.http/jdk.internal.net.http.SocketTube$InternalReadPublisher$InternalReadSubscription.read(SocketTube.java:833)
	at java.net.http/jdk.internal.net.http.SocketTube$SocketFlowTask.run(SocketTube.java:181)
	at java.net.http/jdk.internal.net.http.common.SequentialScheduler$SchedulableTask.run(SequentialScheduler.java:230)
	at java.net.http/jdk.internal.net.http.common.SequentialScheduler.runOrSchedule(SequentialScheduler.java:303)
	at java.net.http/jdk.internal.net.http.common.SequentialScheduler.runOrSchedule(SequentialScheduler.java:256)
	at java.net.http/jdk.internal.net.http.SocketTube$InternalReadPublisher$InternalReadSubscription.signalReadable(SocketTube.java:774)
	at java.net.http/jdk.internal.net.http.SocketTube$InternalReadPublisher$ReadEvent.signalEvent(SocketTube.java:957)
	at java.net.http/jdk.internal.net.http.SocketTube$SocketFlowEvent.handle(SocketTube.java:253)
	at java.net.http/jdk.internal.net.http.HttpClientImpl$SelectorManager.handleEvent(HttpClientImpl.java:979)
	at java.net.http/jdk.internal.net.http.HttpClientImpl$SelectorManager.lambda$run$3(HttpClientImpl.java:934)
	at java.base/java.util.ArrayList.forEach(ArrayList.java:1511)
	at java.net.http/jdk.internal.net.http.HttpClientImpl$SelectorManager.run(HttpClientImpl.java:934)

]]></system-err>
  </testcase>
</testsuite>