<?xml version="1.0" encoding="UTF-8"?>
<testsuite xmlns:xsi="http://www.w3.org/2001/XMLSchema-instance" xsi:noNamespaceSchemaLocation="https://maven.apache.org/surefire/maven-surefire-plugin/xsd/surefire-test-report-3.0.xsd" version="3.0" name="events.EventsPageTest" time="87.454" tests="1" errors="0" skipped="0" failures="0">
  <properties>
[...]
</properties>
  <testcase name="selectSortedType" classname="events.EventsPageTest" time="86.146">
    <system-out><![CDATA[[13:10:01.992] | INFO  | main                             | EventsPageTest                   | Соблюдение предусловий
[13:10:45.730] | INFO  | main                             | EventsPageTest                   | Просмотр мероприятий по типу
[13:11:27.204] | INFO  | main                             | EventsPageTest                   | PASSED
[13:11:27.211] | INFO  | main                             | EventsPageTest                   | Соблюдение постусловий
]]></system-out>
    <system-err><![CDATA[SLF4J(W): No SLF4J providers were found.
SLF4J(W): Defaulting to no-operation (NOP) logger implementation
SLF4J(W): See https://www.slf4j.org/codes.html#noProviders for further details.
]]></system-err>
  </testcase>
</testsuite>